<?xml version="1.0" encoding="UTF-8"?>
<testsuite xmlns:xsi="http://www.w3.org/2001/XMLSchema-instance" xsi:noNamespaceSchemaLocation="https://maven.apache.org/surefire/maven-surefire-plugin/xsd/surefire-test-report.xsd" name="com.ait.pbm.PhoneBookApplicationTests" time="15.359" tests="3" errors="1" skipped="0" failures="0">
  <properties>
[...]
</properties>
  <testcase name="test_saveContact_1" classname="com.ait.pbm.PhoneBookApplicationTests" time="0.869"/>
  <testcase name="test_saveContact_2" classname="com.ait.pbm.PhoneBookApplicationTests" time="0.026"/>
  <testcase name="test_saveContact_3" classname="com.ait.pbm.PhoneBookApplicationTests" time="0.106">
    <error message="Request processing failed; nested exception is java.lang.RuntimeException" type="org.springframework.web.util.NestedServletException">org.springframework.web.util.NestedServletException: Request processing failed; nested exception is java.lang.RuntimeException
	at com.ait.pbm.PhoneBookApplicationTests.test_saveContact_3(PhoneBookApplicationTests.java:108)
Caused by: java.lang.RuntimeException
</error>
  </testcase>
</testsuite>